<?xml version="1.0" encoding="UTF-8"?>
<testng-results skipped="0" failed="0" ignored="0" total="4" passed="4">
  <reporter-output>
    <line>
      <![CDATA[<div "result">I navigate to google homepage (PASSED : 1s)</div>]]>
    </line>
    <line>
      <![CDATA[<div "result">I enter a &quot;porsche&quot; to search (PASSED : 0s)</div>]]>
    </line>
    <line>
      <![CDATA[<div "result">I click on the search button (PASSED : 1s)</div>]]>
    </line>
    <line>
      <![CDATA[<div "result">I should be able to see the title contains the &quot;porsche&quot; (PASSED : 0s)</div>]]>
    </line>
    <line>
      <![CDATA[<div "result">I navigate to google homepage (PASSED : 1s)</div>]]>
    </line>
    <line>
      <![CDATA[<div "result">I enter a &quot;toyota&quot; to search (PASSED : 0s)</div>]]>
    </line>
    <line>
      <![CDATA[<div "result">I click on the search button (PASSED : 1s)</div>]]>
    </line>
    <line>
      <![CDATA[<div "result">I should be able to see the title contains the &quot;toyota&quot; (PASSED : 0s)</div>]]>
    </line>
    <line>
      <![CDATA[<div "result">I navigate to google homepage (PASSED : 1s)</div>]]>
    </line>
    <line>
      <![CDATA[<div "result">I enter a &quot;bmw&quot; to search (PASSED : 0s)</div>]]>
    </line>
    <line>
      <![CDATA[<div "result">I click on the search button (PASSED : 1s)</div>]]>
    </line>
    <line>
      <![CDATA[<div "result">I should be able to see the title contains the &quot;bmw&quot; (PASSED : 0s)</div>]]>
    </line>
    <line>
      <![CDATA[<div "result">I navigate to google homepage (PASSED : 0s)</div>]]>
    </line>
    <line>
      <![CDATA[<div "result">I enter a &quot;Mercedes-Benz&quot; to search (PASSED : 0s)</div>]]>
    </line>
    <line>
      <![CDATA[<div "result">I click on the search button (PASSED : 2s)</div>]]>
    </line>
    <line>
      <![CDATA[<div "result">I should be able to see the title contains the &quot;Mercedes-Benz&quot; (PASSED : 0s)</div>]]>
    </line>
  </reporter-output>
  <suite name="Default suite" duration-ms="20976" started-at="2018-02-25T20:59:05Z" finished-at="2018-02-25T20:59:26Z">
    <groups>
      <group name="cucumber">
        <method signature="AbstractTestNGCucumberTests.runScenario(cucumber.api.testng.PickleEventWrapper, cucumber.api.testng.CucumberFeatureWrapper)[pri:0, instance:runnerPackage.TestRunner@3fee9989]" name="runScenario" class="cucumber.api.testng.AbstractTestNGCucumberTests"/>
      </group> <!-- cucumber -->
    </groups>
    <test name="Default test" duration-ms="20976" started-at="2018-02-25T20:59:05Z" finished-at="2018-02-25T20:59:26Z">
      <class name="runnerPackage.TestRunner">
        <test-method status="PASS" signature="setUp()[pri:0, instance:runnerPackage.TestRunner@3fee9989]" name="setUp" is-config="true" duration-ms="4556" started-at="2018-02-25T20:59:05Z" finished-at="2018-02-25T20:59:10Z">
          <reporter-output>
          </reporter-output>
        </test-method> <!-- setUp -->
        <test-method status="PASS" signature="setUpClass()[pri:0, instance:runnerPackage.TestRunner@3fee9989]" name="setUpClass" is-config="true" duration-ms="187" started-at="2018-02-25T20:59:10Z" finished-at="2018-02-25T20:59:10Z">
          <reporter-output>
          </reporter-output>
        </test-method> <!-- setUpClass -->
        <test-method status="PASS" signature="runScenario(cucumber.api.testng.PickleEventWrapper, cucumber.api.testng.CucumberFeatureWrapper)[pri:0, instance:runnerPackage.TestRunner@3fee9989]" name="runScenario" duration-ms="3685" started-at="2018-02-25T20:59:10Z" description="Runs Cucumber Scenarios" data-provider="scenarios" finished-at="2018-02-25T20:59:14Z">
          <params>
            <param index="0">
              <value>
                <![CDATA["User searches a item on Google and check if the title matches the keyword"]]>
              </value>
            </param>
            <param index="1">
              <value>
                <![CDATA["This is just a test feature for cucumber"]]>
              </value>
            </param>
          </params>
          <reporter-output>
            <line>
              <![CDATA[<div "result">I navigate to google homepage (PASSED : 1s)</div>]]>
            </line>
            <line>
              <![CDATA[<div "result">I enter a &quot;porsche&quot; to search (PASSED : 0s)</div>]]>
            </line>
            <line>
              <![CDATA[<div "result">I click on the search button (PASSED : 1s)</div>]]>
            </line>
            <line>
              <![CDATA[<div "result">I should be able to see the title contains the &quot;porsche&quot; (PASSED : 0s)</div>]]>
            </line>
          </reporter-output>
        </test-method> <!-- runScenario -->
        <test-method status="PASS" signature="runScenario(cucumber.api.testng.PickleEventWrapper, cucumber.api.testng.CucumberFeatureWrapper)[pri:0, instance:runnerPackage.TestRunner@3fee9989]" name="runScenario" duration-ms="3766" started-at="2018-02-25T20:59:14Z" description="Runs Cucumber Scenarios" data-provider="scenarios" finished-at="2018-02-25T20:59:17Z">
          <params>
            <param index="0">
              <value>
                <![CDATA["User searches a item on Google and check if the title matches the keyword"]]>
              </value>
            </param>
            <param index="1">
              <value>
                <![CDATA["This is just a test feature for cucumber"]]>
              </value>
            </param>
          </params>
          <reporter-output>
            <line>
              <![CDATA[<div "result">I navigate to google homepage (PASSED : 1s)</div>]]>
            </line>
            <line>
              <![CDATA[<div "result">I enter a &quot;toyota&quot; to search (PASSED : 0s)</div>]]>
            </line>
            <line>
              <![CDATA[<div "result">I click on the search button (PASSED : 1s)</div>]]>
            </line>
            <line>
              <![CDATA[<div "result">I should be able to see the title contains the &quot;toyota&quot; (PASSED : 0s)</div>]]>
            </line>
          </reporter-output>
        </test-method> <!-- runScenario -->
        <test-method status="PASS" signature="runScenario(cucumber.api.testng.PickleEventWrapper, cucumber.api.testng.CucumberFeatureWrapper)[pri:0, instance:runnerPackage.TestRunner@3fee9989]" name="runScenario" duration-ms="3269" started-at="2018-02-25T20:59:17Z" description="Runs Cucumber Scenarios" data-provider="scenarios" finished-at="2018-02-25T20:59:21Z">
          <params>
            <param index="0">
              <value>
                <![CDATA["User searches a item on Google and check if the title matches the keyword"]]>
              </value>
            </param>
            <param index="1">
              <value>
                <![CDATA["This is just a test feature for cucumber"]]>
              </value>
            </param>
          </params>
          <reporter-output>
            <line>
              <![CDATA[<div "result">I navigate to google homepage (PASSED : 1s)</div>]]>
            </line>
            <line>
              <![CDATA[<div "result">I enter a &quot;bmw&quot; to search (PASSED : 0s)</div>]]>
            </line>
            <line>
              <![CDATA[<div "result">I click on the search button (PASSED : 1s)</div>]]>
            </line>
            <line>
              <![CDATA[<div "result">I should be able to see the title contains the &quot;bmw&quot; (PASSED : 0s)</div>]]>
            </line>
          </reporter-output>
        </test-method> <!-- runScenario -->
        <test-method status="PASS" signature="runScenario(cucumber.api.testng.PickleEventWrapper, cucumber.api.testng.CucumberFeatureWrapper)[pri:0, instance:runnerPackage.TestRunner@3fee9989]" name="runScenario" duration-ms="4444" started-at="2018-02-25T20:59:21Z" description="Runs Cucumber Scenarios" data-provider="scenarios" finished-at="2018-02-25T20:59:25Z">
          <params>
            <param index="0">
              <value>
                <![CDATA["User searches a item on Google and check if the title matches the keyword"]]>
              </value>
            </param>
            <param index="1">
              <value>
                <![CDATA["This is just a test feature for cucumber"]]>
              </value>
            </param>
          </params>
          <reporter-output>
            <line>
              <![CDATA[<div "result">I navigate to google homepage (PASSED : 0s)</div>]]>
            </line>
            <line>
              <![CDATA[<div "result">I enter a &quot;Mercedes-Benz&quot; to search (PASSED : 0s)</div>]]>
            </line>
            <line>
              <![CDATA[<div "result">I click on the search button (PASSED : 2s)</div>]]>
            </line>
            <line>
              <![CDATA[<div "result">I should be able to see the title contains the &quot;Mercedes-Benz&quot; (PASSED : 0s)</div>]]>
            </line>
          </reporter-output>
        </test-method> <!-- runScenario -->
        <test-method status="PASS" signature="tearDownClass()[pri:0, instance:runnerPackage.TestRunner@3fee9989]" name="tearDownClass" is-config="true" duration-ms="36" started-at="2018-02-25T20:59:25Z" finished-at="2018-02-25T20:59:25Z">
          <reporter-output>
          </reporter-output>
        </test-method> <!-- tearDownClass -->
        <test-method status="PASS" signature="tearDown()[pri:0, instance:runnerPackage.TestRunner@3fee9989]" name="tearDown" is-config="true" duration-ms="861" started-at="2018-02-25T20:59:25Z" finished-at="2018-02-25T20:59:26Z">
          <reporter-output>
          </reporter-output>
        </test-method> <!-- tearDown -->
      </class> <!-- runnerPackage.TestRunner -->
    </test> <!-- Default test -->
  </suite> <!-- Default suite -->
</testng-results>
